<?xml version="1.0" encoding="UTF-8"?>
<robot generator="Robot 3.1.2 (Python 3.8.2 on win32)" generated="20200403 19:55:32.905" rpa="false">
<suite id="s1" name="TC 0011" source="C:\Users\Nitin Tyagi\PycharmProjects\RobotFrameworkAutomation\TC_0011.robot">
<test id="s1-t1" name="TC_001">
<kw name="Open Browser" library="SeleniumLibrary">
<doc>Opens a new browser instance to the optional ``url``.</doc>
<arguments>
<arg>https://www.facebook.com</arg>
<arg>Chrome</arg>
</arguments>
<msg timestamp="20200403 19:55:33.860" level="INFO">Opening browser 'Chrome' to base url 'https://www.facebook.com'.</msg>
<status status="PASS" starttime="20200403 19:55:33.860" endtime="20200403 19:55:41.789"></status>
</kw>
<kw name="Maximize Browser Window" library="SeleniumLibrary">
<doc>Maximizes current browser window.</doc>
<status status="PASS" starttime="20200403 19:55:41.789" endtime="20200403 19:55:45.932"></status>
</kw>
<kw name="Read Excel Rows Count" library="ControlExecution">
<assign>
<var>${r}</var>
</assign>
<msg timestamp="20200403 19:55:45.934" level="INFO">${r} = 6</msg>
<status status="PASS" starttime="20200403 19:55:45.933" endtime="20200403 19:55:45.934"></status>
</kw>
<kw name="${i} IN RANGE [ 1 | ${r} ]" type="for">
<kw name="${i} = 1" type="foritem">
<kw name="Read Excel Cell Data" library="ControlExecution">
<arguments>
<arg>${i}</arg>
<arg>1</arg>
</arguments>
<assign>
<var>${user}</var>
</assign>
<msg timestamp="20200403 19:55:45.935" level="INFO">${user} = Hello</msg>
<status status="PASS" starttime="20200403 19:55:45.935" endtime="20200403 19:55:45.935"></status>
</kw>
<kw name="Read Excel Cell Data" library="ControlExecution">
<arguments>
<arg>${i}</arg>
<arg>2</arg>
</arguments>
<assign>
<var>${pass}</var>
</assign>
<msg timestamp="20200403 19:55:45.936" level="INFO">${pass} = Testing</msg>
<status status="PASS" starttime="20200403 19:55:45.935" endtime="20200403 19:55:45.936"></status>
</kw>
<kw name="Input Text" library="SeleniumLibrary">
<doc>Types the given ``text`` into the text field identified by ``locator``.</doc>
<arguments>
<arg>id=email</arg>
<arg>${user}</arg>
</arguments>
<msg timestamp="20200403 19:55:45.936" level="INFO">Typing text 'Hello' into text field 'id=email'.</msg>
<status status="PASS" starttime="20200403 19:55:45.936" endtime="20200403 19:55:46.061"></status>
</kw>
<kw name="Input Text" library="SeleniumLibrary">
<doc>Types the given ``text`` into the text field identified by ``locator``.</doc>
<arguments>
<arg>id=pass</arg>
<arg>${pass}</arg>
</arguments>
<msg timestamp="20200403 19:55:46.061" level="INFO">Typing text 'Testing' into text field 'id=pass'.</msg>
<status status="PASS" starttime="20200403 19:55:46.061" endtime="20200403 19:55:46.181"></status>
</kw>
<kw name="Sleep" library="BuiltIn">
<doc>Pauses the test executed for the given time.</doc>
<arguments>
<arg>10s</arg>
</arguments>
<msg timestamp="20200403 19:55:56.183" level="INFO">Slept 10 seconds</msg>
<status status="PASS" starttime="20200403 19:55:46.181" endtime="20200403 19:55:56.183"></status>
</kw>
<status status="PASS" starttime="20200403 19:55:45.935" endtime="20200403 19:55:56.183"></status>
</kw>
<kw name="${i} = 2" type="foritem">
<kw name="Read Excel Cell Data" library="ControlExecution">
<arguments>
<arg>${i}</arg>
<arg>1</arg>
</arguments>
<assign>
<var>${user}</var>
</assign>
<msg timestamp="20200403 19:55:56.184" level="INFO">${user} = asd</msg>
<status status="PASS" starttime="20200403 19:55:56.183" endtime="20200403 19:55:56.184"></status>
</kw>
<kw name="Read Excel Cell Data" library="ControlExecution">
<arguments>
<arg>${i}</arg>
<arg>2</arg>
</arguments>
<assign>
<var>${pass}</var>
</assign>
<msg timestamp="20200403 19:55:56.184" level="INFO">${pass} = asdsa</msg>
<status status="PASS" starttime="20200403 19:55:56.184" endtime="20200403 19:55:56.184"></status>
</kw>
<kw name="Input Text" library="SeleniumLibrary">
<doc>Types the given ``text`` into the text field identified by ``locator``.</doc>
<arguments>
<arg>id=email</arg>
<arg>${user}</arg>
</arguments>
<msg timestamp="20200403 19:55:56.185" level="INFO">Typing text 'asd' into text field 'id=email'.</msg>
<status status="PASS" starttime="20200403 19:55:56.184" endtime="20200403 19:55:56.270"></status>
</kw>
<kw name="Input Text" library="SeleniumLibrary">
<doc>Types the given ``text`` into the text field identified by ``locator``.</doc>
<arguments>
<arg>id=pass</arg>
<arg>${pass}</arg>
</arguments>
<msg timestamp="20200403 19:55:56.270" level="INFO">Typing text 'asdsa' into text field 'id=pass'.</msg>
<status status="PASS" starttime="20200403 19:55:56.270" endtime="20200403 19:55:56.354"></status>
</kw>
<kw name="Sleep" library="BuiltIn">
<doc>Pauses the test executed for the given time.</doc>
<arguments>
<arg>10s</arg>
</arguments>
<msg timestamp="20200403 19:56:06.356" level="INFO">Slept 10 seconds</msg>
<status status="PASS" starttime="20200403 19:55:56.354" endtime="20200403 19:56:06.356"></status>
</kw>
<status status="PASS" starttime="20200403 19:55:56.183" endtime="20200403 19:56:06.356"></status>
</kw>
<kw name="${i} = 3" type="foritem">
<kw name="Read Excel Cell Data" library="ControlExecution">
<arguments>
<arg>${i}</arg>
<arg>1</arg>
</arguments>
<assign>
<var>${user}</var>
</assign>
<msg timestamp="20200403 19:56:06.357" level="INFO">${user} = asdad</msg>
<status status="PASS" starttime="20200403 19:56:06.356" endtime="20200403 19:56:06.357"></status>
</kw>
<kw name="Read Excel Cell Data" library="ControlExecution">
<arguments>
<arg>${i}</arg>
<arg>2</arg>
</arguments>
<assign>
<var>${pass}</var>
</assign>
<msg timestamp="20200403 19:56:06.358" level="INFO">${pass} = asdas</msg>
<status status="PASS" starttime="20200403 19:56:06.357" endtime="20200403 19:56:06.358"></status>
</kw>
<kw name="Input Text" library="SeleniumLibrary">
<doc>Types the given ``text`` into the text field identified by ``locator``.</doc>
<arguments>
<arg>id=email</arg>
<arg>${user}</arg>
</arguments>
<msg timestamp="20200403 19:56:06.358" level="INFO">Typing text 'asdad' into text field 'id=email'.</msg>
<status status="PASS" starttime="20200403 19:56:06.358" endtime="20200403 19:56:06.439"></status>
</kw>
<kw name="Input Text" library="SeleniumLibrary">
<doc>Types the given ``text`` into the text field identified by ``locator``.</doc>
<arguments>
<arg>id=pass</arg>
<arg>${pass}</arg>
</arguments>
<msg timestamp="20200403 19:56:06.439" level="INFO">Typing text 'asdas' into text field 'id=pass'.</msg>
<status status="PASS" starttime="20200403 19:56:06.439" endtime="20200403 19:56:06.522"></status>
</kw>
<kw name="Sleep" library="BuiltIn">
<doc>Pauses the test executed for the given time.</doc>
<arguments>
<arg>10s</arg>
</arguments>
<msg timestamp="20200403 19:56:16.524" level="INFO">Slept 10 seconds</msg>
<status status="PASS" starttime="20200403 19:56:06.522" endtime="20200403 19:56:16.524"></status>
</kw>
<status status="PASS" starttime="20200403 19:56:06.356" endtime="20200403 19:56:16.524"></status>
</kw>
<kw name="${i} = 4" type="foritem">
<kw name="Read Excel Cell Data" library="ControlExecution">
<arguments>
<arg>${i}</arg>
<arg>1</arg>
</arguments>
<assign>
<var>${user}</var>
</assign>
<msg timestamp="20200403 19:56:16.524" level="INFO">${user} = asdasd</msg>
<status status="PASS" starttime="20200403 19:56:16.524" endtime="20200403 19:56:16.524"></status>
</kw>
<kw name="Read Excel Cell Data" library="ControlExecution">
<arguments>
<arg>${i}</arg>
<arg>2</arg>
</arguments>
<assign>
<var>${pass}</var>
</assign>
<msg timestamp="20200403 19:56:16.525" level="INFO">${pass} = asdasd</msg>
<status status="PASS" starttime="20200403 19:56:16.525" endtime="20200403 19:56:16.525"></status>
</kw>
<kw name="Input Text" library="SeleniumLibrary">
<doc>Types the given ``text`` into the text field identified by ``locator``.</doc>
<arguments>
<arg>id=email</arg>
<arg>${user}</arg>
</arguments>
<msg timestamp="20200403 19:56:16.525" level="INFO">Typing text 'asdasd' into text field 'id=email'.</msg>
<status status="PASS" starttime="20200403 19:56:16.525" endtime="20200403 19:56:16.616"></status>
</kw>
<kw name="Input Text" library="SeleniumLibrary">
<doc>Types the given ``text`` into the text field identified by ``locator``.</doc>
<arguments>
<arg>id=pass</arg>
<arg>${pass}</arg>
</arguments>
<msg timestamp="20200403 19:56:16.616" level="INFO">Typing text 'asdasd' into text field 'id=pass'.</msg>
<status status="PASS" starttime="20200403 19:56:16.616" endtime="20200403 19:56:16.705"></status>
</kw>
<kw name="Sleep" library="BuiltIn">
<doc>Pauses the test executed for the given time.</doc>
<arguments>
<arg>10s</arg>
</arguments>
<msg timestamp="20200403 19:56:26.707" level="INFO">Slept 10 seconds</msg>
<status status="PASS" starttime="20200403 19:56:16.705" endtime="20200403 19:56:26.707"></status>
</kw>
<status status="PASS" starttime="20200403 19:56:16.524" endtime="20200403 19:56:26.707"></status>
</kw>
<kw name="${i} = 5" type="foritem">
<kw name="Read Excel Cell Data" library="ControlExecution">
<arguments>
<arg>${i}</arg>
<arg>1</arg>
</arguments>
<assign>
<var>${user}</var>
</assign>
<msg timestamp="20200403 19:56:26.707" level="INFO">${user} = asdsad</msg>
<status status="PASS" starttime="20200403 19:56:26.707" endtime="20200403 19:56:26.707"></status>
</kw>
<kw name="Read Excel Cell Data" library="ControlExecution">
<arguments>
<arg>${i}</arg>
<arg>2</arg>
</arguments>
<assign>
<var>${pass}</var>
</assign>
<msg timestamp="20200403 19:56:26.708" level="INFO">${pass} = asdasd</msg>
<status status="PASS" starttime="20200403 19:56:26.708" endtime="20200403 19:56:26.708"></status>
</kw>
<kw name="Input Text" library="SeleniumLibrary">
<doc>Types the given ``text`` into the text field identified by ``locator``.</doc>
<arguments>
<arg>id=email</arg>
<arg>${user}</arg>
</arguments>
<msg timestamp="20200403 19:56:26.708" level="INFO">Typing text 'asdsad' into text field 'id=email'.</msg>
<status status="PASS" starttime="20200403 19:56:26.708" endtime="20200403 19:56:26.790"></status>
</kw>
<kw name="Input Text" library="SeleniumLibrary">
<doc>Types the given ``text`` into the text field identified by ``locator``.</doc>
<arguments>
<arg>id=pass</arg>
<arg>${pass}</arg>
</arguments>
<msg timestamp="20200403 19:56:26.790" level="INFO">Typing text 'asdasd' into text field 'id=pass'.</msg>
<status status="PASS" starttime="20200403 19:56:26.790" endtime="20200403 19:56:26.877"></status>
</kw>
<kw name="Sleep" library="BuiltIn">
<doc>Pauses the test executed for the given time.</doc>
<arguments>
<arg>10s</arg>
</arguments>
<msg timestamp="20200403 19:56:36.880" level="INFO">Slept 10 seconds</msg>
<status status="PASS" starttime="20200403 19:56:26.878" endtime="20200403 19:56:36.880"></status>
</kw>
<status status="PASS" starttime="20200403 19:56:26.707" endtime="20200403 19:56:36.880"></status>
</kw>
<status status="PASS" starttime="20200403 19:55:45.934" endtime="20200403 19:56:36.880"></status>
</kw>
<status status="PASS" starttime="20200403 19:55:33.859" endtime="20200403 19:56:36.881" critical="yes"></status>
</test>
<status status="PASS" starttime="20200403 19:55:32.907" endtime="20200403 19:56:36.883"></status>
</suite>
<statistics>
<total>
<stat pass="1" fail="0">Critical Tests</stat>
<stat pass="1" fail="0">All Tests</stat>
</total>
<tag>
</tag>
<suite>
<stat pass="1" fail="0" id="s1" name="TC 0011">TC 0011</stat>
</suite>
</statistics>
<errors>
</errors>
</robot>
